12 0 85 260 285 156 174 271 140 10 205 154 94 
12 180 249 137 63 213 146 111 48 201 112 256 208 
11 296 75 290 79 282 121 89 101 265 126 173 
11 108 294 15 245 214 50 6 131 196 206 257 
11 164 148 273 226 28 68 147 5 223 262 151 
11 212 259 74 21 241 207 76 98 155 233 2 
10 88 276 125 224 204 27 90 266 71 1 
10 103 127 18 96 14 160 25 242 47 169 
10 80 227 129 29 82 73 83 78 279 274 
9 72 95 200 128 209 42 16 106 272 
9 4 218 188 244 11 283 31 288 293 
9 8 150 91 217 258 235 250 251 149 
9 7 225 39 202 163 119 12 97 183 
8 134 107 277 157 237 287 141 240 
9 162 105 281 239 298 118 152 229 165 
7 159 171 32 295 93 289 143 
7 286 144 230 158 70 55 37 
7 246 187 284 253 138 59 135 
7 299 263 102 243 81 182 69 
7 203 60 172 170 139 104 46 
7 24 57 40 61 124 192 123 
7 133 261 222 177 248 43 189 
7 210 38 185 114 45 145 178 
7 62 19 64 269 181 228 49 
7 161 198 122 190 219 176 84 
6 13 267 254 291 215 153 
6 136 44 26 35 252 77 
6 220 113 268 199 30 52 
6 92 232 236 20 120 278 
6 58 166 3 255 186 132 
4 193 86 238 194 
4 56 191 292 270 
4 53 117 264 9 
3 109 51 211 
3 197 115 247 
3 195 67 175 
3 22 142 130 
2 23 280 
1 66 
1 100 
1 17 
1 297 
1 231 
0 
0 
0 
0 
0 
0 
0 
0 
0 
0 
0 
0 
0 
0 
0 
0 
0 
0 
0 
0 
0 
0 
0 
0 
0 
0 
0 
0 
0 
0 
0 
0 
0 
0 
0 
0 
0 
0 
0 
0 
0 
0 
0 
0 
0 
0 
0 
0 
0 
0 
0 
0 
0 
0 
0 
0 
0 
