9 84 88 187 474 568 719 3696 3008 2736 
12 303 677 1066 1178 1560 4008 6002 2247 6277 4618 9979 1973 
13 1209 1315 1515 1543 1757 2135 2695 3629 4078 6670 6263 1776 1135 
12 1335 1992 2356 2519 4525 5335 5868 6031 9799 5341 1563 3026 
10 2432 2571 2581 7013 113 7435 2422 1588 8554 1855 
11 2920 2949 3253 3869 4309 5440 5970 6252 3307 4644 368 
11 3580 4377 5299 6403 7109 1105 6658 2915 8574 7337 611 
16 4094 4435 6412 6466 7463 7956 8640 9313 9847 8731 4758 4098 2944 7082 9105 9251 
13 4839 5018 6783 7270 8878 219 1724 7711 5572 2518 977 7382 1880 
9 5137 7965 8310 8773 5343 3918 8224 7152 2409 
12 7399 7475 7928 8175 9504 1879 7455 567 5487 2425 7034 2591 
12 8292 9256 9707 9752 4090 9563 8477 4058 8564 696 789 2573 
10 9393 9913 2465 3442 549 713 8950 622 5027 7948 
11 9976 4379 3607 2735 7657 4494 9619 2015 5222 3575 3202 
16 5497 9084 5693 672 6822 1097 6689 6815 5860 9449 6951 1904 9562 8110 7239 4898 
14 7429 1305 5192 3055 4601 9003 4742 7861 5934 9679 8670 1 2059 8523 
10 700 423 8518 1273 8890 3578 640 1792 559 6999 
10 9514 2720 3090 203 5769 541 3667 8459 6377 3246 
7 7936 4679 6663 2061 2429 3321 3099 
15 6901 7070 5445 2883 3817 5324 6381 5717 7929 7401 9283 3647 9527 3098 9639 
13 9305 4059 1867 311 8708 5300 6198 6961 8189 1651 4084 9252 7368 
15 1138 2917 6706 7957 519 7499 9409 3167 7561 4150 7849 8029 1421 1959 2212 
10 769 4071 3549 5235 563 1005 8395 7227 3507 4301 
9 606 768 8758 2384 5858 6747 9320 8536 3614 
14 6916 9888 6807 2316 5086 4855 9325 9140 5885 3149 6900 3049 1778 2660 
15 273 6831 4948 117 7040 3855 375 1833 7119 8932 7028 4575 2440 5621 7110 
11 3444 8703 7913 1040 6541 29 4495 580 7108 2825 3936 
17 6695 3371 8329 4307 222 9550 55 1353 658 817 3368 9385 5917 7386 1487 1643 5176 
14 9675 3555 5424 4894 2559 961 372 2869 957 8840 8420 2176 7068 6775 
8 920 7952 3654 6321 5732 4862 1846 2866 
14 24 8962 4637 4143 6228 4842 2912 2020 2008 5161 7716 8151 8638 7809 
11 6115 3988 9523 4346 734 7862 8179 7140 3358 3505 6104 
16 1664 9216 1888 157 2986 3281 3693 5304 7799 9187 9649 8209 7779 4541 8895 9967 
13 2576 4214 297 3103 5716 5598 3030 741 8184 5562 7315 9849 3491 
12 1978 6724 8406 7141 8102 5406 5649 1194 4164 2690 4202 9954 
12 445 3471 585 8342 583 1735 8520 5245 9405 699 5480 8345 
16 268 7640 2941 8204 5381 1269 6649 4066 7064 2942 9985 135 1797 7642 4971 2373 
10 1528 3025 4829 4788 6633 6529 1860 608 7248 1399 
8 8559 3743 9581 6039 7468 3906 4403 6544 
14 3457 8728 4687 3564 7877 489 9207 3239 5902 2327 3708 3554 7785 5982 
16 61 6456 6952 8675 6424 6160 6965 1332 2324 6745 4299 3058 9949 5170 3305 953 
8 1866 3692 8578 2418 9579 5344 7221 2909 
13 9121 4586 554 5881 5971 7210 7927 4482 6352 595 1152 3434 2693 
17 1993 9901 7911 9411 4882 9291 2313 8698 6662 2589 6068 9602 989 3594 4065 3609 7918 
17 7229 610 2278 2774 9626 6607 6767 4877 7810 6558 874 2642 9353 9064 3290 7604 6610 
11 7318 9020 8509 9670 6361 7088 4475 8227 6589 163 7909 
12 6694 8271 6913 2507 4056 6843 6912 7546 7638 2896 2654 1817 
17 1815 3168 5402 6418 8086 7709 9046 477 7180 2899 481 8254 3680 7096 9604 4236 8253 
10 8587 9698 6780 2531 2828 1794 8213 8965 1260 476 
11 6044 3410 394 7188 3697 1227 8783 2424 8020 9459 7898 
14 6269 8787 4536 9733 1883 3655 1414 1838 7287 1852 2957 3354 9524 4887 
17 6656 1447 3333 9820 6502 1407 3249 2233 9052 6155 5307 5156 2333 9177 2011 395 3341 
13 7293 6794 7186 3245 9166 7864 7687 5991 984 2394 8860 6769 3277 
14 2296 3546 19 6189 4873 5218 2297 6192 4107 9492 3102 7216 5302 936 
14 6654 2603 6139 8489 1228 6485 3147 4635 7637 9575 6454 3227 8998 9287 
11 3527 5227 666 1637 7156 4583 2714 6164 364 5373 4378 
16 8149 4984 1384 9090 3276 3651 7891 9556 2780 4016 9951 3315 1859 454 8540 5071 
14 8630 1170 5615 5727 3409 1784 8290 5990 3459 5006 1640 9634 5422 8303 
11 1492 3005 3294 3540 7114 2738 3826 2791 8426 3291 4588 
12 6404 3236 1512 7612 8458 1605 5213 3640 7575 3465 4916 492 
11 190 9935 2166 8484 1323 9402 1113 5491 4352 2570 3539 
8 8557 1609 3197 8711 7325 7697 9438 7842 
15 6150 7993 5387 9406 5808 739 9920 6741 9944 3191 7492 3165 294 538 7566 
13 8024 3257 3579 8302 1406 3596 4387 9463 5393 965 3263 8192 4473 
13 1438 7198 8736 9864 3311 1803 4920 5303 6034 189 7822 9056 3115 
17 6135 7889 7020 7398 4781 3990 1013 5743 9246 3865 839 1684 5428 3062 8780 1259 5664 
16 9347 8262 1372 1773 4208 2641 2079 315 6756 318 1977 895 3759 8809 9644 6527 
12 8425 8158 4693 3148 6329 5237 4260 1024 3910 4011 3959 1626 
14 6123 2536 1630 109 7129 9473 3608 2856 3502 1762 3981 5033 3356 8304 
14 7320 4428 5948 726 6199 4546 9128 5875 9191 4624 442 3022 6886 4027 
12 7329 6849 2538 7230 4706 9452 6884 864 499 3194 2966 5903 
17 5358 8055 3758 2357 7704 7512 6493 1734 2230 6669 7086 8348 6313 6374 3624 8126 4747 
11 9852 7471 6740 4959 902 3104 873 5830 8058 2035 9351 
13 4885 4414 2123 1874 8073 9469 1233 7883 5135 6962 5910 3039 8775 
16 6110 3208 627 7116 8376 8848 8739 5698 209 4830 330 952 1476 6460 1822 2851 
14 5113 9996 2838 9137 3138 2748 3160 8548 2401 5347 2741 2473 6744 2139 
15 1593 7553 1984 8586 4511 2006 8021 4170 9666 9012 3602 5107 46 3896 3086 
16 6457 2788 8435 2026 4537 5818 5112 3461 7648 3915 5642 9381 40 1820 3595 1905 
16 3951 2436 2512 5359 6877 6752 1689 457 2198 332 6705 7777 5550 2612 5122 7288 
9 3196 6735 1090 5034 1192 2997 115 9248 1159 
16 8699 842 8104 9685 6924 4223 2928 1030 2495 1508 8037 6082 2054 4564 8755 5364 
10 4437 7104 4648 7451 7846 9595 8774 2626 1208 9377 
16 400 9974 8323 3384 2426 5500 8715 1955 4064 7683 1175 9678 1391 2192 8218 6444 
9 945 8566 8449 7346 5954 8440 4629 8353 2053 
13 9544 7357 5654 3170 3029 8629 3424 5710 7631 290 5511 3760 3536 
8 5744 1635 5332 8277 5983 7624 304 7615 
13 2106 5510 328 166 5060 5746 4200 1251 1524 5541 9483 9716 495 
12 9768 6851 8792 2963 8713 2523 8447 1804 8419 7698 7684 1624 
9 9851 5856 271 9087 1100 8967 3694 1720 7192 
15 2784 5721 1625 8979 1489 6159 5214 9874 6856 5267 6346 388 1166 4701 4471 
16 3329 9691 2520 3849 2143 2335 3601 5748 9636 4613 2852 1631 2842 5462 1395 3902 
16 9306 7319 3891 2742 7117 5466 1121 482 6245 9872 3215 9812 4498 5630 4212 2175 
13 3067 7677 4455 2293 9495 6168 3989 1218 6475 8772 8742 9222 4796 
12 3572 7428 892 3176 661 7804 6274 9741 1292 5470 2595 7024 
11 7585 1674 1530 3430 7224 7347 233 8815 3031 26 242 
12 6786 3976 6004 1697 2975 9813 720 8410 3116 4639 1246 7904 
14 3024 6304 6239 2711 8892 6455 3947 8835 5627 5228 2527 1096 6301 1339 
11 9412 513 9503 4467 428 6567 4409 5374 6386 281 7147 
12 9401 5517 9274 3773 7792 7355 8665 2753 1943 2191 5587 836 
14 6053 7768 5189 2511 5369 1142 6200 2539 7737 8034 2434 2290 9667 8553 
15 8978 6875 4233 8274 4196 3092 1177 326 4137 8504 7256 2388 1638 592 8169 
12 4112 8203 8370 4255 1002 4686 6446 127 7275 4019 6423 6339 
9 5049 4935 4194 8328 3779 8573 2649 267 5091 
10 6206 4910 5089 9316 3334 3362 8937 767 23 5597 
8 9267 200 277 1363 245 6208 9927 1277 
10 4184 6804 7406 9282 5996 2455 3396 6420 8088 1956 
13 5890 7314 4661 2681 493 7379 4250 152 5660 9900 4559 1736 6505 
16 530 206 9255 8786 3317 2118 7446 7867 2041 3818 5088 5298 7659 8097 257 8048 
13 4833 8832 8462 5295 697 1564 5540 5120 782 9375 9242 9516 2346 
16 9627 9965 4109 8902 9845 3510 7236 3842 5650 5036 7745 8014 6391 1748 5072 2939 
14 6410 4794 3068 5636 2074 2782 1518 8991 4101 6270 2044 8500 4456 7972 
16 6307 1995 9806 4630 2657 7372 150 3717 3319 4123 9964 9074 21 274 7100 3820 
10 1869 5771 1010 9011 1970 2718 5062 7305 4457 8166 
15 2147 9559 4421 730 9543 3403 2717 5352 1239 5951 2043 959 1383 4978 1140 
14 6296 3188 5554 128 6450 409 6255 933 9135 1331 1016 7806 613 9533 
13 3129 3821 2566 5425 9030 47 498 7277 8403 9858 5770 3854 8563 
15 7975 3786 8198 248 8207 3991 3490 3083 9018 3784 5914 9624 3561 366 1982 
13 4848 9078 3541 8309 4717 1365 6336 9647 3258 6443 5768 1772 6226 
14 6765 1267 6202 4867 5377 9631 5626 4587 2732 7411 9911 6211 5073 4941 
8 1054 9869 4815 6879 9419 8116 4838 1682 
7 5025 5887 4836 4154 306 9955 6517 
12 3603 5535 8346 8040 3381 3232 2404 2095 2630 2125 3447 3856 
13 5205 8784 5507 1221 3866 3512 3114 2817 5100 8186 6696 5117 9250 
15 4507 41 8157 9744 5017 3462 6413 6357 7856 2406 5526 6140 4768 4251 9661 
14 825 6003 9890 212 6125 7666 9297 2031 6648 9742 7592 9659 4518 2308 
10 4665 9805 6536 5285 1276 4863 5699 3193 2541 5512 
12 4502 3426 502 6836 1223 5829 9804 9130 2984 9440 6238 9739 
15 5282 6327 1527 5757 9045 7102 2497 4007 2160 1583 9028 3597 9358 78 859 
12 3017 7373 4673 7255 8915 4246 3938 8093 3082 9833 777 6591 
15 8382 3830 8588 435 3073 4720 1628 3701 531 4371 2906 8904 576 594 8532 
12 4080 7430 3557 9830 9633 448 6563 1381 9157 736 6522 5561 
13 7249 4980 2904 5920 9815 601 7662 7425 4552 509 2034 7781 8299 
15 4761 5516 8338 9286 9487 3108 596 7479 3345 8245 9221 3070 4075 7402 7708 
15 8351 7465 2973 168 7574 9640 9795 5656 6380 9062 5564 2534 255 2144 3613 
15 4349 9144 6473 4875 7876 6128 3565 2178 5724 7387 9553 6684 6306 3256 361 
12 565 8434 9628 6360 2399 1655 4405 657 7113 8533 1061 2148 
11 6265 718 9926 7580 4048 1474 4503 6344 8743 5247 3824 
12 1313 6711 6942 3066 199 9382 7312 8796 6089 4006 7718 8669 
12 8448 2783 284 7602 9586 8285 9512 7284 2933 6830 5002 1976 
14 5090 1908 655 4807 5777 7870 5158 1686 7746 2075 8491 4357 9384 8199 
10 1200 4153 6409 3833 7000 7668 4880 9186 129 2887 
13 533 6718 4207 9696 4285 6029 2916 2033 1886 9232 4638 8788 8753 
15 975 2605 3105 3050 9485 2537 1460 8995 907 7729 8288 9379 8460 4993 6612 
13 6547 419 3632 1206 2635 5453 8030 9655 6178 6157 2218 7189 1622 
13 1830 7243 439 9349 7534 7730 4398 3909 8109 9998 6187 3359 3771 
14 4225 6338 1986 1994 8816 935 2323 1182 8851 30 9826 5233 6176 2358 
13 3200 2881 69 3875 8521 1186 5779 4786 1985 3155 8598 6779 1000 
11 1240 3411 3816 1326 2216 5957 1647 4070 2631 9331 322 
14 8803 3739 1997 3475 951 7579 6251 177 3247 6106 3977 4620 5778 914 
15 3544 6922 4826 9109 4404 7085 1963 4595 5952 369 4773 8017 9541 4218 4614 
14 7557 5955 1843 802 780 4050 4658 1169 4089 4114 4272 1953 731 195 
12 615 7196 7874 35 5503 1181 7187 7715 4856 3186 1435 6995 
14 95 4228 4088 6012 1252 6764 5674 4400 2884 3499 3285 8974 4316 1322 
8 7572 8464 8823 5816 5240 5593 2288 2430 
12 854 9705 5686 5712 4703 6474 1913 1352 4477 3895 9908 5226 
11 6220 2305 6430 5663 5212 6000 4029 7276 4415 8026 2758 
10 6069 956 9104 3199 6550 2132 6425 8306 4626 2445 
10 8133 3605 6186 5182 6021 4520 1117 2370 1882 3455 
12 3375 9947 5711 6634 4705 6771 4493 2209 5310 121 6114 4646 
8 8146 2112 6058 8637 5566 9925 7122 2563 
11 2056 7554 6645 7226 7567 5054 8546 5260 5608 4329 3028 
15 9254 417 9769 1500 4558 4003 4957 552 2368 8164 1389 4669 2024 4000 3237 
11 4733 9549 9680 3921 5888 4782 9179 9392 2640 872 2486 
15 9757 57 210 2167 2382 4297 9832 8695 106 4853 912 776 8997 5274 3413 
15 119 3585 1550 2338 98 3783 3537 871 105 6056 9324 9994 4688 8863 7405 
13 6710 7097 9289 1580 9657 2754 4326 178 7805 2057 4009 4459 6539 
13 3445 950 2036 6749 5892 1201 6272 546 584 7672 6281 4188 5575 
15 211 1777 4666 3566 8682 9457 81 8220 1069 7488 6146 103 9193 4578 6960 
10 1503 3795 5602 7172 6503 4291 7665 2667 8968 3484 
10 8868 4657 2992 9613 5756 4411 3661 3449 5625 2528 
12 497 8614 4410 6316 8766 4141 8530 6719 6094 8911 8741 1555 
9 4973 9654 1723 6818 5351 8071 4442 3010 8569 
14 9625 8856 7323 6842 1873 4396 6398 7643 2343 6838 2863 2437 8141 6600 
14 2934 3966 9702 846 3740 6703 2745 9539 9822 7754 6447 4237 7978 1035 
11 7690 511 9735 6984 7193 2470 7732 8719 9783 149 3630 
14 5668 856 172 2261 9871 3583 6009 2173 7532 890 7132 4067 5157 7820 
10 4020 830 9071 7444 6359 1197 793 4692 9239 7773 
14 8219 665 3666 3885 6498 2000 5050 9975 4800 8871 6728 1337 8061 5877 
13 483 656 8653 2967 1685 3433 3439 2810 384 134 4982 2197 5478 
10 5719 5477 6903 5620 7380 8173 8228 9019 9269 7581 
15 3840 6742 4376 1755 2731 4806 2613 97 286 8051 7755 5389 8197 5068 1136 
13 1111 7934 9557 1729 6392 9190 5187 5622 2045 7339 5329 7990 722 
14 1386 1272 8747 6340 1949 4938 3038 5169 7466 7817 4086 2844 171 7025 
14 3972 9743 8940 507 4953 5291 5701 7761 5099 5725 866 5767 5728 7206 
10 7884 2245 4602 2235 8079 5495 8909 9346 5098 9049 
14 6293 7787 2639 9002 9620 1667 5690 3532 514 3874 9607 9767 1901 1740 
10 4115 9464 9511 4869 2250 1529 8661 1411 2443 8824 
9 8791 266 7434 3220 5371 3635 9542 5705 9489 
9 8085 1601 506 2982 4940 7663 9889 1459 5441 
14 9345 1491 164 3615 8768 4035 4372 4798 7271 350 4340 1073 4567 3560 
11 4028 9450 2686 1102 7464 6416 1960 6231 7788 6509 6686 
12 9042 7442 849 1634 2077 3879 2653 2362 1785 9674 4925 3755 
12 3616 8989 1863 7686 6356 9681 4764 9044 8986 8076 2294 8738 
10 3398 8681 2442 6615 2600 3493 8938 6593 9073 6190 
13 9164 7710 5012 3453 5662 6601 9234 508 9592 2063 4660 8165 5979 
12 9314 6141 5234 4656 982 1106 2076 4497 7453 1262 7723 9350 
11 3036 7174 2577 4245 8368 9118 1143 6495 6396 2785 2876 
14 6575 3420 5539 2663 2799 4645 5382 9408 5105 3075 5385 9162 8336 7753 
14 32 1430 5783 9116 7922 5584 2602 3429 7872 3592 4312 6105 1486 2936 
14 7190 6739 3542 2352 6825 8421 2119 930 5221 3079 2400 958 855 7917 
14 8059 381 3414 6523 8831 4024 120 969 2065 7866 8935 4460 7720 9914 
15 1627 3325 8042 6538 3789 9410 6643 6081 6727 3509 5104 238 4265 1974 8971 
15 7685 3047 5678 3807 6966 6927 1281 9458 7907 4211 2621 6617 7832 1164 3503 
10 6438 6076 7628 3370 4318 2771 5553 9148 5419 2494 
14 8128 3270 8575 9738 2937 1733 5116 8687 7727 8064 6542 8920 9616 748 
14 2651 9477 9182 2787 1693 6261 3949 9027 9844 9240 4997 5956 8567 2269 
10 3051 7494 9712 313 572 5375 1098 1067 973 995 
11 378 9819 1222 6173 7208 9033 3124 1168 1458 3225 4631 
13 2181 6526 8187 3119 1496 5913 1325 1979 6683 1468 8931 7974 5175 
14 2999 8155 6729 354 6638 7682 9962 118 1934 9006 9643 2719 556 5524 
13 208 761 2140 4652 7847 3940 4858 1417 5039 6436 534 5687 3076 
14 8795 7994 1835 146 9180 9100 2831 4278 6915 6619 5284 3283 6289 3525 
12 3112 4704 4205 3054 8609 2857 6737 6868 1296 4165 7969 7433 
14 6119 753 7211 9065 1245 85 2360 1531 9584 8307 3235 4097 3387 3545 
14 2060 2952 4481 8194 4854 8273 4356 6297 1924 6406 8270 8473 9431 6490 
11 1465 6985 9341 607 8188 7933 379 5610 5026 7538 5969 
13 4914 922 2180 9171 6512 5124 7037 6103 4550 9843 1786 441 8887 
11 8955 6305 832 8035 8785 1746 9357 1947 8746 8764 9824 
14 1557 1910 2464 3663 908 1509 7971 8857 9155 2978 9697 3448 8526 9865 
13 6023 7232 1046 2927 9209 7282 578 1787 9302 386 6318 1446 1408 
13 4585 7246 9751 475 161 9570 1302 2796 5353 6773 1824 9389 7371 
13 4659 9538 6969 7209 645 8597 9101 4397 819 4290 2237 7976 8596 
10 5601 100 2981 8298 1023 1283 3150 1572 2389 9448 
13 6402 9610 4615 6584 6078 6422 9132 4775 4722 4562 4032 6014 7760 
14 6652 4139 9497 415 3636 2776 9948 3930 6134 3610 614 1116 4517 262 
13 7438 241 1884 8615 1294 1436 8542 4449 2607 5786 3551 3920 5950 
12 376 4450 8854 529 5366 8018 2565 4453 9428 333 6249 4122 
11 8236 3057 7840 2751 6681 1464 2137 2396 2943 1011 6090 
9 8445 4544 6647 7882 8259 643 7613 525 8221 
12 9037 992 2551 6814 1902 4930 6243 1188 6810 2204 6847 6124 
11 6048 5799 671 751 8951 8761 7169 929 4472 8571 6314 
12 7092 102 5263 5433 3802 252 2558 1679 2229 7560 201 7362 
14 986 6182 2781 3721 2900 1355 6716 397 6904 3761 4543 8107 3244 4936 
13 1845 92 2207 6480 6213 7274 9896 8125 1819 581 2354 5850 8280 
8 7253 3732 3366 6580 1319 1448 1027 2873 
13 823 5069 66 881 3338 7778 5452 8366 6363 7520 7800 4210 4191 
13 5751 6216 3993 6196 7636 5962 9612 1368 5527 2344 5320 1654 9515 
8 6101 9138 9537 1587 4607 821 1376 8013 
8 7759 8529 2105 9576 1146 4317 7160 5987 
13 7692 6537 9617 1324 4990 2505 4871 8416 7142 8153 7839 7032 8528 
13 8112 633 7203 9710 3117 659 9077 8494 2945 2189 6948 9664 5416 
12 169 4643 3477 660 9923 3970 8493 7573 9001 4487 2099 7713 
12 6244 6809 4749 4555 4366 3829 7940 6926 9470 3234 7725 9488 
11 422 8367 7364 7245 3169 9159 6283 1179 2804 7262 9868 
9 6026 3778 5815 6989 2128 542 6515 6086 7302 
13 6024 9199 348 2482 9972 1937 4433 8511 6866 9231 3214 471 6675 
13 9202 5287 4485 4986 1537 4617 2948 2766 1946 8031 9862 1696 5696 
11 1079 9761 141 7912 5838 826 5824 1922 6990 4732 226 
14 2217 1215 7901 1676 8094 1768 7498 4244 1656 8140 7454 3844 220 7175 
9 942 9127 9262 2171 7679 2977 6036 7483 3088 
12 225 3190 1232 6762 6066 5835 544 5670 5640 1291 5257 3000 
13 4171 6222 292 5043 8101 4828 3085 1317 9798 3567 9423 983 5607 
14 8191 2585 4913 8876 1453 2924 883 3372 5379 3241 9212 8006 8927 8330 
13 8671 8379 9273 9475 2665 967 3421 1461 3282 6130 8442 7591 5456 
13 3435 7548 7448 6896 7278 9963 2156 2769 434 9877 9086 2772 6753 
14 5628 617 7162 4709 4344 5844 8645 4824 9085 9142 8387 738 4817 5035 
13 8642 6133 6967 5837 6597 9928 7564 8819 4235 2749 9958 6637 2334 
13 2696 9429 9737 2304 5238 4441 524 8027 9534 3011 2433 2728 2499 
11 9068 5241 9981 7043 2979 5632 1790 5155 9230 6204 180 
13 3468 9546 7535 4605 6407 7629 2407 4634 5556 8344 619 7095 9312 
11 4021 2919 708 9276 4256 74 9652 8316 7998 1844 6687 
13 1349 8882 7916 4099 7344 4163 5211 3308 3293 6891 7385 7201 6667 
11 5766 7477 9158 646 5579 7633 3230 3330 139 6827 4501 
12 6399 7019 9645 3451 3261 6932 2040 1420 153 8281 8201 2615 
13 9134 8176 6871 7342 4384 6331 8987 3752 8400 5249 7583 420 1375 
14 3958 6280 7135 7811 5045 3657 2875 7542 8004 5259 8729 185 2030 5059 
14 8167 5409 1369 6247 2291 9075 1338 7145 8627 5785 8264 8015 2010 3337 
12 4017 7191 3775 2126 4636 7562 2023 9368 4073 5986 4419 3412 
12 1565 8973 494 6062 867 7516 9687 6726 17 3700 7408 641 
13 4593 5853 9897 3181 244 4989 9268 8807 1308 4950 5506 6545 5840 
9 896 9842 2930 5082 4119 7503 4528 1289 5975 
14 853 1263 1553 5557 2386 2680 1541 2636 1029 7734 470 1906 5339 9932 
9 4713 6618 8595 5457 4744 847 7680 8605 6869 
13 8555 5866 8806 39 7762 6882 9701 3846 1071 1818 3242 3336 8778 
13 1346 704 9684 2187 9263 5031 7924 2438 9758 5216 974 1990 5463 
14 6639 9564 1250 2320 9070 4623 8312 6235 9029 4647 7313 5401 9591 7855 
10 8118 4063 2802 8324 5792 5074 9143 6463 8215 4900 
10 1613 772 3482 7010 9195 4584 215 9479 6622 4469 
8 7041 9165 9364 3729 9754 6578 3399 5968 
13 8412 380 3205 709 3867 249 2052 8721 1753 4963 8676 6079 3523 
13 921 1745 3326 1443 4105 5619 4263 9919 7819 1026 9597 3684 7844 
11 2385 4966 1256 990 3524 425 6179 2086 4533 174 3158 
9 6570 9394 2954 9763 3392 9978 8946 8623 9786 
12 300 5695 4664 2355 7513 1779 8244 7796 5191 5357 2545 8047 
13 1441 9035 9481 8970 8560 485 3997 4470 3767 964 5754 1851 632 
11 6132 2673 6484 1081 5702 6156 9208 4625 4168 3980 5513 
13 7263 3530 7808 3952 9424 7474 8662 5278 4368 7853 5645 8704 7185 
10 8190 2661 403 4300 382 4491 6905 490 7506 7168 
13 7816 91 2652 674 4045 7081 1875 2808 8649 243 4745 6464 7238 
10 1968 7595 2240 5803 2702 7075 6397 1611 2371 8905 
13 2578 8652 3393 993 8300 636 2374 2359 7094 3660 8234 4252 7590 
12 3513 6893 7941 5279 8990 3228 3751 2931 5919 1187 124 8972 
9 4034 8804 3669 4274 979 8928 6880 1832 7061 
12 9466 2706 6013 9809 6163 6925 3496 7620 9780 2995 3926 8907 
12 2480 6956 1738 5603 9288 2921 1603 6240 9848 9181 5490 9723 
10 159 6805 5994 8272 886 3843 2557 3948 8242 7015 
12 7171 5437 4696 8617 4857 5635 8383 2452 4464 3376 8522 5270 
13 1311 9265 4331 1415 2395 3946 5481 2037 517 4468 5741 2752 9119 
12 3364 3122 7558 3785 5915 1891 7689 2923 4632 9966 2816 3223 
13 4958 4872 3839 4270 2547 130 2841 7462 2087 6543 7752 2097 3526 
10 9846 64 5405 353 1896 387 4096 2478 8565 8402 
10 1511 2797 5400 3685 8798 9089 8111 3452 3081 6400 
12 6698 2377 1721 5679 2025 8562 4055 2994 3832 9653 4650 9531 
12 1422 1109 9836 7769 5323 7222 4486 2325 5326 7121 3927 3884 
12 775 560 1062 2314 9082 52 880 6184 2721 787 5633 2257 
9 8378 444 6946 8263 4776 408 3963 5780 978 
12 156 9731 3793 4699 2122 5372 4893 4190 1926 7400 9663 9211 
13 8737 4792 876 7066 4834 2048 3570 7651 3300 1351 4333 4771 8002 
9 9561 4355 3904 9249 5139 77 4082 3897 3662 
14 6784 7309 6672 1700 7014 516 536 2309 7547 6846 184 609 5333 5412 
12 1189 7988 3746 1523 7143 7167 2154 2546 940 654 2267 5149 
12 1494 6279 1211 1455 5076 3211 7178 2340 5577 7388 1890 1092 
12 7134 4756 5847 8981 230 2264 3432 1590 3142 2522 5203 773 
11 5713 1864 1942 7812 1561 1539 5171 7497 9683 5570 8196 
9 7118 9156 4213 396 3731 6793 2561 6583 9522 
13 5576 374 843 4819 137 7508 484 4106 5420 985 2027 8162 7632 
12 3418 5426 4195 2969 8610 6319 695 1130 547 5789 5930 7997 
12 629 7456 254 9228 2760 4892 235 4809 8381 4438 3344 888 
10 6971 4888 2790 5008 2246 698 8067 5475 5568 9360 
9 1862 2543 7150 458 7501 9322 6488 4420 868 
14 6172 9151 6657 1110 7829 1045 7726 8963 6047 9727 9218 7721 6154 270 
9 7555 4130 9284 2412 1670 7419 9961 1056 160 
13 3770 691 1412 4879 5219 1203 3428 5061 1964 7377 1329 2155 8727 
13 2675 7457 461 2330 8103 2901 8136 3201 3568 6175 3943 2868 1574 
13 553 6587 5014 3648 7370 7926 5532 7529 9091 3074 6555 6315 954 
9 1160 8996 8800 2477 4884 9441 8428 5444 6229 
13 8694 1725 4227 8827 7176 5101 5154 5529 4715 9755 205 8392 3730 
13 4724 4327 2556 2525 1297 8603 7006 1814 539 2965 4945 3059 8885 
12 5193 8782 6832 9566 1504 5534 5801 6774 8495 8286 8966 1131 
12 5087 8506 2115 9388 3210 2104 5004 276 9318 752 451 4341 
11 3531 175 949 7316 8214 3673 319 6234 7944 5349 5985 
12 7693 8585 9641 1872 5878 1688 4590 7106 9732 3001 2158 5111 
9 9505 5809 459 6268 8691 3127 6038 943 8730 
12 2275 6491 6659 7197 808 4012 4582 999 7328 2894 1623 2617 
13 9952 2260 9272 2515 1051 862 8289 9083 3674 2685 1925 2454 3713 
13 8243 8485 5995 5021 3782 6389 6820 4382 5258 7584 5215 1894 9034 
9 6237 3623 8667 9496 4714 3498 754 4138 2493 
14 7445 649 8984 6367 352 8339 3757 5992 261 28 7973 5832 2820 5573 
11 6630 1521 6197 9837 7749 5909 5102 3628 2895 9323 1950 
11 5861 1644 8257 2121 1008 586 8906 7798 8810 3198 4678 
11 6188 1595 2415 8266 1429 7414 4343 6861 7646 8829 8422 
12 6476 3646 3974 8413 4561 4074 2859 2532 7886 9883 3383 5078 
12 1475 8869 715 5514 5959 1911 4964 5384 9957 5346 5118 7771 
10 3203 6902 2270 9264 7361 9724 4899 2506 53 9740 
12 3373 3901 5009 8296 8159 1612 8108 6823 5000 5595 6661 7678 
13 3675 5160 377 5123 1393 1428 9593 8621 42 7930 6691 4118 8443 
11 4328 8062 7301 8510 1709 6680 8544 4454 528 743 2038 
11 7576 4347 4944 2958 5708 670 7046 450 5355 9895 6351 
11 5899 1480 3798 2164 1466 9299 894 4810 5589 6988 3431 
12 2453 1660 3621 716 6800 6253 8475 1933 3379 2091 1919 9201 
9 9133 7515 6850 3691 9420 5999 9113 3709 1615 
12 1101 5764 6907 5567 2874 7935 8692 5722 4754 6145 2858 1083 
12 7837 934 9478 7770 4159 2645 4651 3145 3352 1618 9509 5084 
12 2072 7048 8407 4046 3231 3501 4547 414 8680 8417 605 1089 
12 3622 8486 5684 3905 6883 2535 684 4681 6528 7517 6626 3711 
12 6098 4965 1004 5451 5301 1499 8325 6754 1025 3670 5119 6227 
12 462 711 8038 3754 4802 4675 37 806 5796 9437 2226 5110 
10 1620 6579 2220 6930 6674 1715 9418 1706 5363 1730 
13 2110 9912 5001 7724 938 7231 3137 1236 1749 7345 5109 8461 5286 
12 2108 7984 9054 6910 7949 3182 6083 1566 3917 6588 4015 4719 
9 8631 1309 9632 8820 310 5195 8305 5542 2487 
10 2292 5070 5941 285 3339 9583 1229 7995 1007 7767 
12 147 8028 6161 9882 7194 11 1649 2789 9170 4500 6388 2029 
11 8686 2867 6865 7830 5134 1695 3389 5980 291 7295 923 
12 8956 6426 8953 9482 8446 5804 5097 1719 6055 6759 1249 7667 
12 1257 7903 7078 8237 7987 1591 9571 8476 4674 5893 9756 8900 
12 6121 8505 1048 865 4734 3404 7743 4621 3878 3801 7670 1385 
11 2809 6333 9950 1532 3750 5180 809 6697 8354 1400 207 
12 3133 8644 1299 3811 2417 2341 8958 6530 7932 3318 3956 4425 
11 4969 7873 1716 4314 1810 6353 7582 6224 3485 3132 3492 
12 7103 5356 4117 8099 5094 4569 9943 1782 4684 5022 3497 6632 
12 2107 7764 2174 3450 6223 515 6325 3178 8845 9059 132 7851 
12 9817 2885 9980 7392 412 2268 7265 9293 1183 2127 4961 1732 
12 3735 9031 8373 8659 8550 3967 8074 6679 8317 6860 6568 6935 
13 4247 6757 2898 5700 816 7865 8961 5396 2186 9258 5936 8839 3517 
10 4895 6582 2568 5394 8793 8822 2003 1155 3809 8365 
13 3146 1710 2315 4406 4221 4851 8811 5019 4102 7233 858 2666 6918 
11 5967 4249 1248 4921 8293 8646 4351 8060 3419 3312 336 
10 1912 8945 7080 1791 3135 3027 2364 1806 5128 5742 
9 1220 4147 8033 3271 5268 4845 3078 4974 3827 
12 7569 7691 2989 8148 5519 6712 7326 6945 2555 2872 3804 4192 
12 5465 9238 3466 8843 8926 3714 7125 1058 2405 1036 6230 1704 
11 4206 9729 2648 272 8481 3163 6785 5681 850 8592 2951 
13 4031 1282 987 9229 5864 2633 6682 5925 213 4513 4448 4023 9601 
12 7915 5064 6751 1431 10 9110 356 8068 331 5677 8340 4492 
11 4353 1364 2206 7407 2882 5314 6733 6790 2378 5736 2620 
12 8075 7794 4937 8160 6203 7062 6486 3982 968 570 4923 2890 
12 4677 1433 9789 3476 8883 67 6778 5943 1358 6564 3642 5010 
9 6248 193 2397 7793 5041 9163 1125 3013 4868 
12 5782 1930 9859 275 3547 8749 7939 7354 344 6611 8202 7482 
11 6746 4594 365 2468 4330 7599 5805 2283 9791 4239 8497 
12 7234 3469 5709 1198 4539 4440 4912 6117 4176 1616 5505 8349 
10 523 3986 6808 3121 1988 6142 2582 264 3023 4325 
11 4653 4113 6566 3173 3924 1781 7340 2739 3151 7979 5067 
10 599 2972 4939 7383 4881 7124 6432 4240 5331 4755 
11 138 2467 4924 8760 4608 1416 7786 2871 1648 5618 2202 
12 4907 6218 3862 2179 612 2051 1850 5217 4579 75 5916 8558 
12 7207 1752 9611 9298 2694 9337 1854 9021 3960 6837 8084 7304 
12 9526 5879 7334 6699 2042 5651 9480 5739 1621 9076 2579 4671 
10 799 8401 4784 4085 6824 3689 2242 8478 3769 2255 
